C:\DOCUMENTS AND SETTINGS\GAMER\мои документы\VISUAL STUDIO 2010\PROJECTS\LABA_4_OOP\DEBUG\LABA_4_OOP.EXE
C:\DOCUMENTS AND SETTINGS\GAMER\мои документы\VISUAL STUDIO 2010\PROJECTS\LABA_4_OOP\DEBUG\LABA_4_OOP.ILK
C:\DOCUMENTS AND SETTINGS\GAMER\МОИ ДОКУМЕНТЫ\VISUAL STUDIO 2010\PROJECTS\LABA_4_OOP\DEBUG\LABA_4_OOP.PDB
c:\documents and settings\gamer\мои документы\visual studio 2010\Projects\Laba_4_OOP\Laba_4_OOP\Debug\cl.command.1.tlog
c:\documents and settings\gamer\мои документы\visual studio 2010\Projects\Laba_4_OOP\Laba_4_OOP\Debug\CL.read.1.tlog
c:\documents and settings\gamer\мои документы\visual studio 2010\Projects\Laba_4_OOP\Laba_4_OOP\Debug\CL.write.1.tlog
C:\DOCUMENTS AND SETTINGS\GAMER\мои документы\VISUAL STUDIO 2010\PROJECTS\LABA_4_OOP\LABA_4_OOP\DEBUG\LABA_4.OBJ
C:\DOCUMENTS AND SETTINGS\GAMER\мои документы\VISUAL STUDIO 2010\PROJECTS\LABA_4_OOP\LABA_4_OOP\DEBUG\LABA_4_OOP.EXE.EMBED.MANIFEST
C:\DOCUMENTS AND SETTINGS\GAMER\мои документы\VISUAL STUDIO 2010\PROJECTS\LABA_4_OOP\LABA_4_OOP\DEBUG\LABA_4_OOP.EXE.EMBED.MANIFEST.RES
C:\DOCUMENTS AND SETTINGS\GAMER\мои документы\VISUAL STUDIO 2010\PROJECTS\LABA_4_OOP\LABA_4_OOP\DEBUG\LABA_4_OOP.EXE.INTERMEDIATE.MANIFEST
c:\documents and settings\gamer\мои документы\visual studio 2010\Projects\Laba_4_OOP\Laba_4_OOP\Debug\Laba_4_OOP_manifest.rc
c:\documents and settings\gamer\мои документы\visual studio 2010\Projects\Laba_4_OOP\Laba_4_OOP\Debug\link.1352.read.1.tlog
c:\documents and settings\gamer\мои документы\visual studio 2010\Projects\Laba_4_OOP\Laba_4_OOP\Debug\link.1352.write.1.tlog
c:\documents and settings\gamer\мои документы\visual studio 2010\Projects\Laba_4_OOP\Laba_4_OOP\Debug\link.1352-cvtres.read.1.tlog
c:\documents and settings\gamer\мои документы\visual studio 2010\Projects\Laba_4_OOP\Laba_4_OOP\Debug\link.1352-cvtres.write.1.tlog
c:\documents and settings\gamer\мои документы\visual studio 2010\Projects\Laba_4_OOP\Laba_4_OOP\Debug\link.command.1.tlog
c:\documents and settings\gamer\мои документы\visual studio 2010\Projects\Laba_4_OOP\Laba_4_OOP\Debug\link.read.1.tlog
c:\documents and settings\gamer\мои документы\visual studio 2010\Projects\Laba_4_OOP\Laba_4_OOP\Debug\link.write.1.tlog
c:\documents and settings\gamer\мои документы\visual studio 2010\Projects\Laba_4_OOP\Laba_4_OOP\Debug\link-cvtres.read.1.tlog
c:\documents and settings\gamer\мои документы\visual studio 2010\Projects\Laba_4_OOP\Laba_4_OOP\Debug\link-cvtres.write.1.tlog
c:\documents and settings\gamer\мои документы\visual studio 2010\Projects\Laba_4_OOP\Laba_4_OOP\Debug\mt.command.1.tlog
c:\documents and settings\gamer\мои документы\visual studio 2010\Projects\Laba_4_OOP\Laba_4_OOP\Debug\mt.read.1.tlog
c:\documents and settings\gamer\мои документы\visual studio 2010\Projects\Laba_4_OOP\Laba_4_OOP\Debug\mt.write.1.tlog
c:\documents and settings\gamer\мои документы\visual studio 2010\Projects\Laba_4_OOP\Laba_4_OOP\Debug\rc.command.1.tlog
c:\documents and settings\gamer\мои документы\visual studio 2010\Projects\Laba_4_OOP\Laba_4_OOP\Debug\rc.read.1.tlog
c:\documents and settings\gamer\мои документы\visual studio 2010\Projects\Laba_4_OOP\Laba_4_OOP\Debug\rc.write.1.tlog
c:\documents and settings\gamer\мои документы\visual studio 2010\Projects\Laba_4_OOP\Laba_4_OOP\Debug\vc100.idb
C:\DOCUMENTS AND SETTINGS\GAMER\МОИ ДОКУМЕНТЫ\VISUAL STUDIO 2010\PROJECTS\LABA_4_OOP\LABA_4_OOP\DEBUG\VC100.PDB
